<?xml version="1.0" encoding="UTF-8"?>
<testsuite name="gopiTests.NameTest" tests="1" skipped="0" failures="0" errors="0" timestamp="2017-10-08T23:08:03" hostname="DESKTOP-VSD08AC" time="0.004">
  <properties/>
  <testcase name="isValidName" classname="gopiTests.NameTest" time="0.004"/>
  <system-out><![CDATA[]]></system-out>
  <system-err><![CDATA[]]></system-err>
</testsuite>
