<?xml version="1.0" encoding="UTF-8"?>
<testsuite name="gopiTests.AddressTest" tests="1" skipped="0" failures="0" errors="0" timestamp="2017-10-08T23:08:03" hostname="DESKTOP-VSD08AC" time="0.003">
  <properties/>
  <testcase name="isValidAddress" classname="gopiTests.AddressTest" time="0.003"/>
  <system-out><![CDATA[]]></system-out>
  <system-err><![CDATA[]]></system-err>
</testsuite>
